<?xml version="1.0" encoding="UTF-8"?>
<!-- Generated by org.testng.reporters.JUnitReportReporter -->
<testsuite hostname="SidPC" failures="0" tests="3" name="com.neotech.lesson01.TitleAndLogoValidation" time="41.001" errors="0" timestamp="2024-08-31T11:46:39 PDT" skipped="0">
  <testcase classname="com.neotech.lesson01.TitleAndLogoValidation" name="logoValidation" time="9.168"/>
  <system-out/>
  <testcase classname="com.neotech.lesson01.TitleAndLogoValidation" name="titleValidation" time="9.335"/>
  <system-out/>
  <testcase classname="com.neotech.lesson01.TitleAndLogoValidation" name="loginValidation" time="22.498"/>
  <system-out/>
</testsuite> <!-- com.neotech.lesson01.TitleAndLogoValidation -->
